<?xml version="1.0" encoding="UTF-8"?>
<testng-results skipped="0" failed="1" ignored="0" total="7" passed="6">
  <reporter-output>
  </reporter-output>
  <suite name="Default suite" duration-ms="11868" started-at="2017-02-21T18:30:14Z" finished-at="2017-02-21T18:30:26Z">
    <groups>
    </groups>
    <test name="Default test" duration-ms="11868" started-at="2017-02-21T18:30:14Z" finished-at="2017-02-21T18:30:26Z">
      <class name="automationFramework.TC1Login">
        <test-method status="PASS" signature="setUp()[pri:0, instance:automationFramework.TC1Login@3884b2]" name="setUp" is-config="true" duration-ms="5347" started-at="2017-02-21T10:30:14Z" finished-at="2017-02-21T10:30:19Z">
          <reporter-output>
          </reporter-output>
        </test-method> <!-- setUp -->
        <test-method status="PASS" signature="login_test_fail(java.lang.String, java.lang.String)[pri:0, instance:automationFramework.TC1Login@3884b2]" name="login_test_fail" duration-ms="436" started-at="2017-02-21T10:30:19Z" data-provider="dataprovider" finished-at="2017-02-21T10:30:20Z">
          <params>
            <param index="0">
              <value>
                <![CDATA[mngr66605]]>
              </value>
            </param>
            <param index="1">
              <value>
                <![CDATA[swetha]]>
              </value>
            </param>
          </params>
          <reporter-output>
          </reporter-output>
        </test-method> <!-- login_test_fail -->
        <test-method status="PASS" signature="login_test_fail(java.lang.String, java.lang.String)[pri:0, instance:automationFramework.TC1Login@3884b2]" name="login_test_fail" duration-ms="836" started-at="2017-02-21T10:30:20Z" data-provider="dataprovider" finished-at="2017-02-21T10:30:21Z">
          <params>
            <param index="0">
              <value>
                <![CDATA[mngr66605]]>
              </value>
            </param>
            <param index="1">
              <value>
                <![CDATA[1]]>
              </value>
            </param>
          </params>
          <reporter-output>
          </reporter-output>
        </test-method> <!-- login_test_fail -->
        <test-method status="FAIL" signature="login_test_fail(java.lang.String, java.lang.String)[pri:0, instance:automationFramework.TC1Login@3884b2]" name="login_test_fail" duration-ms="448" started-at="2017-02-21T10:30:21Z" data-provider="dataprovider" finished-at="2017-02-21T10:30:21Z">
          <params>
            <param index="0">
              <value>
                <![CDATA[mngr66605]]>
              </value>
            </param>
            <param index="1">
              <value>
                <![CDATA[2]]>
              </value>
            </param>
          </params>
          <exception class="org.openqa.selenium.NoAlertPresentException">
            <message>
              <![CDATA[no alert open
  (Session info: chrome=56.0.2924.87)
  (Driver info: chromedriver=2.27.440174 (e97a722caafc2d3a8b807ee115bfb307f7d2cfd9),platform=Windows NT 6.1.7601 SP1 x86_64) (WARNING: The server did not provide any stacktrace information)
Command duration or timeout: 13 milliseconds
Build info: version: 'unknown', revision: '1969d75', time: '2016-10-18 09:43:45 -0700'
System info: host: 'PA004037', ip: '10.139.79.126', os.name: 'Windows 7', os.arch: 'x86', os.version: '6.1', java.version: '1.8.0_91'
Driver info: org.openqa.selenium.chrome.ChromeDriver
Capabilities [{applicationCacheEnabled=false, rotatable=false, mobileEmulationEnabled=false, networkConnectionEnabled=false, chrome={chromedriverVersion=2.27.440174 (e97a722caafc2d3a8b807ee115bfb307f7d2cfd9), userDataDir=C:\Users\SAMPAN~1\AppData\Local\Temp\scoped_dir4768_20342}, takesHeapSnapshot=true, pageLoadStrategy=normal, databaseEnabled=false, handlesAlerts=true, hasTouchScreen=false, version=56.0.2924.87, platform=XP, browserConnectionEnabled=false, nativeEvents=true, acceptSslCerts=true, locationContextEnabled=true, webStorageEnabled=true, browserName=chrome, takesScreenshot=true, javascriptEnabled=true, cssSelectorsEnabled=true, unexpectedAlertBehaviour=}]
Session ID: 082dd48e2cfe10988930234534610387]]>
            </message>
            <full-stacktrace>
              <![CDATA[org.openqa.selenium.NoAlertPresentException: no alert open
  (Session info: chrome=56.0.2924.87)
  (Driver info: chromedriver=2.27.440174 (e97a722caafc2d3a8b807ee115bfb307f7d2cfd9),platform=Windows NT 6.1.7601 SP1 x86_64) (WARNING: The server did not provide any stacktrace information)
Command duration or timeout: 13 milliseconds
Build info: version: 'unknown', revision: '1969d75', time: '2016-10-18 09:43:45 -0700'
System info: host: 'PA004037', ip: '10.139.79.126', os.name: 'Windows 7', os.arch: 'x86', os.version: '6.1', java.version: '1.8.0_91'
Driver info: org.openqa.selenium.chrome.ChromeDriver
Capabilities [{applicationCacheEnabled=false, rotatable=false, mobileEmulationEnabled=false, networkConnectionEnabled=false, chrome={chromedriverVersion=2.27.440174 (e97a722caafc2d3a8b807ee115bfb307f7d2cfd9), userDataDir=C:\Users\SAMPAN~1\AppData\Local\Temp\scoped_dir4768_20342}, takesHeapSnapshot=true, pageLoadStrategy=normal, databaseEnabled=false, handlesAlerts=true, hasTouchScreen=false, version=56.0.2924.87, platform=XP, browserConnectionEnabled=false, nativeEvents=true, acceptSslCerts=true, locationContextEnabled=true, webStorageEnabled=true, browserName=chrome, takesScreenshot=true, javascriptEnabled=true, cssSelectorsEnabled=true, unexpectedAlertBehaviour=}]
Session ID: 082dd48e2cfe10988930234534610387
	at sun.reflect.NativeConstructorAccessorImpl.newInstance0(Native Method)
	at sun.reflect.NativeConstructorAccessorImpl.newInstance(Unknown Source)
	at sun.reflect.DelegatingConstructorAccessorImpl.newInstance(Unknown Source)
	at java.lang.reflect.Constructor.newInstance(Unknown Source)
	at org.openqa.selenium.remote.ErrorHandler.createThrowable(ErrorHandler.java:216)
	at org.openqa.selenium.remote.ErrorHandler.throwIfResponseFailed(ErrorHandler.java:168)
	at org.openqa.selenium.remote.RemoteWebDriver.execute(RemoteWebDriver.java:635)
	at org.openqa.selenium.remote.RemoteWebDriver.execute(RemoteWebDriver.java:658)
	at org.openqa.selenium.remote.RemoteWebDriver$RemoteTargetLocator.alert(RemoteWebDriver.java:977)
	at automationFramework.TC1Login.login_test_fail(TC1Login.java:55)
	at sun.reflect.NativeMethodAccessorImpl.invoke0(Native Method)
	at sun.reflect.NativeMethodAccessorImpl.invoke(Unknown Source)
	at sun.reflect.DelegatingMethodAccessorImpl.invoke(Unknown Source)
	at java.lang.reflect.Method.invoke(Unknown Source)
	at org.testng.internal.MethodInvocationHelper.invokeMethod(MethodInvocationHelper.java:104)
	at org.testng.internal.Invoker.invokeMethod(Invoker.java:645)
	at org.testng.internal.Invoker.invokeTestMethod(Invoker.java:851)
	at org.testng.internal.Invoker.invokeTestMethods(Invoker.java:1177)
	at org.testng.internal.TestMethodWorker.invokeTestMethods(TestMethodWorker.java:129)
	at org.testng.internal.TestMethodWorker.run(TestMethodWorker.java:112)
	at org.testng.TestRunner.privateRun(TestRunner.java:756)
	at org.testng.TestRunner.run(TestRunner.java:610)
	at org.testng.SuiteRunner.runTest(SuiteRunner.java:387)
	at org.testng.SuiteRunner.runSequentially(SuiteRunner.java:382)
	at org.testng.SuiteRunner.privateRun(SuiteRunner.java:340)
	at org.testng.SuiteRunner.run(SuiteRunner.java:289)
	at org.testng.SuiteRunnerWorker.runSuite(SuiteRunnerWorker.java:52)
	at org.testng.SuiteRunnerWorker.run(SuiteRunnerWorker.java:86)
	at org.testng.TestNG.runSuitesSequentially(TestNG.java:1293)
	at org.testng.TestNG.runSuitesLocally(TestNG.java:1218)
	at org.testng.TestNG.runSuites(TestNG.java:1133)
	at org.testng.TestNG.run(TestNG.java:1104)
	at org.testng.remote.AbstractRemoteTestNG.run(AbstractRemoteTestNG.java:132)
	at org.testng.remote.RemoteTestNG.initAndRun(RemoteTestNG.java:236)
	at org.testng.remote.RemoteTestNG.main(RemoteTestNG.java:81)
]]>
            </full-stacktrace>
          </exception> <!-- org.openqa.selenium.NoAlertPresentException -->
          <reporter-output>
          </reporter-output>
        </test-method> <!-- login_test_fail -->
        <test-method status="PASS" signature="login_test_fail(java.lang.String, java.lang.String)[pri:0, instance:automationFramework.TC1Login@3884b2]" name="login_test_fail" duration-ms="2626" started-at="2017-02-21T10:30:21Z" data-provider="dataprovider" finished-at="2017-02-21T10:30:24Z">
          <params>
            <param index="0">
              <value>
                <![CDATA[mngr66605]]>
              </value>
            </param>
            <param index="1">
              <value>
                <![CDATA[3]]>
              </value>
            </param>
          </params>
          <reporter-output>
          </reporter-output>
        </test-method> <!-- login_test_fail -->
        <test-method status="PASS" signature="login_test_fail(java.lang.String, java.lang.String)[pri:0, instance:automationFramework.TC1Login@3884b2]" name="login_test_fail" duration-ms="553" started-at="2017-02-21T10:30:24Z" data-provider="dataprovider" finished-at="2017-02-21T10:30:24Z">
          <params>
            <param index="0">
              <value>
                <![CDATA[mngr66605]]>
              </value>
            </param>
            <param index="1">
              <value>
                <![CDATA[4]]>
              </value>
            </param>
          </params>
          <reporter-output>
          </reporter-output>
        </test-method> <!-- login_test_fail -->
        <test-method status="PASS" signature="login_test_fail(java.lang.String, java.lang.String)[pri:0, instance:automationFramework.TC1Login@3884b2]" name="login_test_fail" duration-ms="642" started-at="2017-02-21T10:30:24Z" data-provider="dataprovider" finished-at="2017-02-21T10:30:25Z">
          <params>
            <param index="0">
              <value>
                <![CDATA[mngr66605]]>
              </value>
            </param>
            <param index="1">
              <value>
                <![CDATA[5]]>
              </value>
            </param>
          </params>
          <reporter-output>
          </reporter-output>
        </test-method> <!-- login_test_fail -->
        <test-method status="PASS" signature="login_test_success(java.lang.String, java.lang.String)[pri:0, instance:automationFramework.TC1Login@3884b2]" name="login_test_success" duration-ms="766" started-at="2017-02-21T10:30:25Z" data-provider="dataprovider" finished-at="2017-02-21T10:30:26Z">
          <params>
            <param index="0">
              <value>
                <![CDATA[mngr66605]]>
              </value>
            </param>
            <param index="1">
              <value>
                <![CDATA[pyrErum]]>
              </value>
            </param>
          </params>
          <reporter-output>
          </reporter-output>
        </test-method> <!-- login_test_success -->
        <test-method status="PASS" signature="kill()[pri:0, instance:automationFramework.TC1Login@3884b2]" name="kill" is-config="true" duration-ms="166" started-at="2017-02-21T10:30:26Z" finished-at="2017-02-21T10:30:26Z">
          <reporter-output>
          </reporter-output>
        </test-method> <!-- kill -->
      </class> <!-- automationFramework.TC1Login -->
    </test> <!-- Default test -->
  </suite> <!-- Default suite -->
</testng-results>
